TN:
SF:www\js\core\storage.js
FN:13,_getSchemaVersion
FN:17,_setSchemaVersion
FN:24,get
FN:25,set
FN:29,get
FN:30,set
FN:35,habits
FN:36,records
FN:38,loadData
FN:71,runMigrations
FN:98,migrateV1toV2
FN:112,migrateOldFormat
FN:123,migrateV2toV3
FN:170,_invalidateStats
FN:188,_ensureIndex
FN:208,getDatesForHabit
FN:213,getAllDates
FN:225,registerSaveHook
FN:228,_runSaveHooks
FN:241,saveDataAtomic
FN:261,saveConfig
FN:270,saveRecords
FN:278,saveData
FN:280,syncHabitIcons
FN:297,exportData
FN:326,importData
FN:330,reader.onload
FN:423,consistencyCheck
FN:432,_validateInternal
FN:541,isHabitChecked
FN:570,getCurrentSchema
FN:574,purgeHabitRecords
FNF:32
FNH:30
FNDA:11,_getSchemaVersion
FNDA:231,_setSchemaVersion
FNDA:254,get
FNDA:329,set
FNDA:484,get
FNDA:316,set
FNDA:0,habits
FNDA:0,records
FNDA:226,loadData
FNDA:4,runMigrations
FNDA:5,migrateV1toV2
FNDA:2,migrateOldFormat
FNDA:7,migrateV2toV3
FNDA:304,_invalidateStats
FNDA:26,_ensureIndex
FNDA:25,getDatesForHabit
FNDA:1,getAllDates
FNDA:6,registerSaveHook
FNDA:255,_runSaveHooks
FNDA:3,saveDataAtomic
FNDA:252,saveConfig
FNDA:49,saveRecords
FNDA:19,saveData
FNDA:8,syncHabitIcons
FNDA:1,exportData
FNDA:6,importData
FNDA:5,reader.onload
FNDA:10,consistencyCheck
FNDA:13,_validateInternal
FNDA:373,isHabitChecked
FNDA:1,getCurrentSchema
FNDA:3,purgeHabitRecords
DA:1,8
DA:2,8
DA:3,8
DA:4,8
DA:5,8
DA:6,8
DA:7,8
DA:8,8
DA:9,8
DA:10,8
DA:11,8
DA:12,8
DA:13,8
DA:14,11
DA:15,11
DA:16,11
DA:17,8
DA:18,231
DA:19,231
DA:20,8
DA:21,8
DA:22,8
DA:23,8
DA:24,8
DA:25,8
DA:26,8
DA:27,8
DA:28,8
DA:29,8
DA:30,8
DA:31,8
DA:32,8
DA:33,8
DA:34,8
DA:35,8
DA:36,8
DA:37,8
DA:38,8
DA:39,226
DA:40,226
DA:41,226
DA:42,9
DA:43,9
DA:44,226
DA:45,217
DA:46,217
DA:47,217
DA:48,217
DA:49,225
DA:50,226
DA:51,4
DA:52,4
DA:53,226
DA:54,221
DA:55,221
DA:56,221
DA:57,226
DA:58,1
DA:59,1
DA:60,1
DA:61,1
DA:62,226
DA:63,8
DA:64,8
DA:65,8
DA:66,8
DA:67,8
DA:68,8
DA:69,8
DA:70,8
DA:71,8
DA:72,4
DA:73,4
DA:74,4
DA:75,4
DA:76,2
DA:77,2
DA:78,2
DA:79,4
DA:80,4
DA:81,4
DA:82,2
DA:83,2
DA:84,2
DA:85,2
DA:86,4
DA:87,4
DA:88,4
DA:89,3
DA:90,3
DA:91,3
DA:92,3
DA:93,4
DA:94,4
DA:95,4
DA:96,8
DA:97,8
DA:98,8
DA:99,5
DA:100,6
DA:101,6
DA:102,4
DA:103,4
DA:104,6
DA:105,4
DA:106,4
DA:107,4
DA:108,6
DA:109,5
DA:110,8
DA:111,8
DA:112,8
DA:113,2
DA:114,2
DA:115,2
DA:116,0
DA:117,0
DA:118,0
DA:119,2
DA:120,2
DA:121,8
DA:122,8
DA:123,8
DA:124,7
DA:125,7
DA:126,7
DA:127,8
DA:128,8
DA:129,8
DA:130,9
DA:131,9
DA:132,8
DA:133,8
DA:134,9
DA:135,8
DA:136,7
DA:137,3
DA:138,3
DA:139,3
DA:140,2
DA:141,2
DA:142,2
DA:143,3
DA:144,1
DA:145,1
DA:146,1
DA:147,3
DA:148,7
DA:149,7
DA:150,7
DA:151,7
DA:152,8
DA:153,8
DA:154,8
DA:155,9
DA:156,9
DA:157,9
DA:158,8
DA:159,8
DA:160,1
DA:161,8
DA:162,7
DA:163,7
DA:164,7
DA:165,8
DA:166,9
DA:167,8
DA:168,7
DA:169,8
DA:170,8
DA:171,304
DA:172,304
DA:173,304
DA:174,304
DA:175,304
DA:176,304
DA:177,0
DA:178,0
DA:179,304
DA:180,304
DA:181,304
DA:182,304
DA:183,8
DA:184,8
DA:185,8
DA:186,8
DA:187,8
DA:188,8
DA:189,26
DA:190,18
DA:191,26
DA:192,126
DA:193,126
DA:194,126
DA:195,126
DA:196,139
DA:197,139
DA:198,139
DA:199,139
DA:200,126
DA:201,18
DA:202,26
DA:203,22
DA:204,22
DA:205,18
DA:206,26
DA:207,8
DA:208,8
DA:209,25
DA:210,25
DA:211,25
DA:212,8
DA:213,8
DA:214,1
DA:215,1
DA:216,1
DA:217,2
DA:218,2
DA:219,2
DA:220,1
DA:221,1
DA:222,8
DA:223,8
DA:224,8
DA:225,8
DA:226,6
DA:227,6
DA:228,8
DA:229,255
DA:230,60
DA:231,60
DA:232,255
DA:233,8
DA:234,8
DA:235,8
DA:236,8
DA:237,8
DA:238,8
DA:239,8
DA:240,8
DA:241,8
DA:242,3
DA:243,3
DA:244,3
DA:245,3
DA:246,3
DA:247,3
DA:248,3
DA:249,3
DA:250,3
DA:251,3
DA:252,3
DA:253,3
DA:254,3
DA:255,3
DA:256,0
DA:257,0
DA:258,0
DA:259,3
DA:260,8
DA:261,8
DA:262,252
DA:263,252
DA:264,252
DA:265,252
DA:266,252
DA:267,0
DA:268,0
DA:269,252
DA:270,8
DA:271,49
DA:272,49
DA:273,49
DA:274,49
DA:275,0
DA:276,0
DA:277,49
DA:278,8
DA:279,8
DA:280,8
DA:281,8
DA:282,8
DA:283,8
DA:284,1
DA:285,1
DA:286,1
DA:287,1
DA:288,1
DA:289,1
DA:290,0
DA:291,0
DA:292,0
DA:293,1
DA:294,1
DA:295,8
DA:296,8
DA:297,8
DA:298,1
DA:299,1
DA:300,1
DA:301,1
DA:302,1
DA:303,1
DA:304,1
DA:305,1
DA:306,1
DA:307,1
DA:308,1
DA:309,1
DA:310,1
DA:311,1
DA:312,1
DA:313,1
DA:314,8
DA:315,8
DA:316,8
DA:317,8
DA:318,8
DA:319,8
DA:320,8
DA:321,8
DA:322,8
DA:323,8
DA:324,8
DA:325,8
DA:326,8
DA:327,6
DA:328,6
DA:329,5
DA:330,5
DA:331,5
DA:332,5
DA:333,5
DA:334,1
DA:335,1
DA:336,3
DA:337,3
DA:338,5
DA:339,5
DA:340,5
DA:341,5
DA:342,5
DA:343,5
DA:344,5
DA:345,5
DA:346,1
DA:347,1
DA:348,1
DA:349,1
DA:350,1
DA:351,1
DA:352,1
DA:353,1
DA:354,1
DA:355,1
DA:356,1
DA:357,1
DA:358,3
DA:359,3
DA:360,3
DA:361,3
DA:362,2
DA:363,2
DA:364,2
DA:365,2
DA:366,2
DA:367,2
DA:368,3
DA:369,2
DA:370,2
DA:371,2
DA:372,2
DA:373,2
DA:374,2
DA:375,0
DA:376,0
DA:377,2
DA:378,3
DA:379,3
DA:380,3
DA:381,3
DA:382,3
DA:383,3
DA:384,3
DA:385,3
DA:386,3
DA:387,3
DA:388,3
DA:389,3
DA:390,5
DA:391,1
DA:392,1
DA:393,5
DA:394,0
DA:395,0
DA:396,5
DA:397,5
DA:398,3
DA:399,5
DA:400,2
DA:401,2
DA:402,2
DA:403,5
DA:404,5
DA:405,5
DA:406,6
DA:407,8
DA:408,8
DA:409,8
DA:410,8
DA:411,8
DA:412,8
DA:413,8
DA:414,8
DA:415,8
DA:416,8
DA:417,8
DA:418,8
DA:419,8
DA:420,8
DA:421,8
DA:422,8
DA:423,8
DA:424,10
DA:425,10
DA:426,3
DA:427,3
DA:428,3
DA:429,10
DA:430,10
DA:431,8
DA:432,8
DA:433,13
DA:434,13
DA:435,13
DA:436,13
DA:437,13
DA:438,13
DA:439,13
DA:440,13
DA:441,11
DA:442,11
DA:443,11
DA:444,11
DA:445,11
DA:446,10
DA:447,13
DA:448,13
DA:449,1
DA:450,1
DA:451,13
DA:452,13
DA:453,13
DA:454,13
DA:455,13
DA:456,12
DA:457,12
DA:458,12
DA:459,2
DA:460,2
DA:461,2
DA:462,2
DA:463,10
DA:464,10
DA:465,12
DA:466,1
DA:467,1
DA:468,1
DA:469,1
DA:470,1
DA:471,1
DA:472,1
DA:473,1
DA:474,0
DA:475,0
DA:476,1
DA:477,1
DA:478,12
DA:479,0
DA:480,0
DA:481,0
DA:482,0
DA:483,10
DA:484,12
DA:485,11
DA:486,11
DA:487,11
DA:488,0
DA:489,0
DA:490,0
DA:491,0
DA:492,11
DA:493,11
DA:494,3
DA:495,3
DA:496,1
DA:497,1
DA:498,1
DA:499,3
DA:500,11
DA:501,11
DA:502,0
DA:503,0
DA:504,0
DA:505,0
DA:506,11
DA:507,10
DA:508,12
DA:509,0
DA:510,0
DA:511,0
DA:512,12
DA:513,13
DA:514,13
DA:515,3
DA:516,2
DA:517,3
DA:518,1
DA:519,1
DA:520,3
DA:521,13
DA:522,13
DA:523,13
DA:524,13
DA:525,13
DA:526,13
DA:527,13
DA:528,13
DA:529,13
DA:530,13
DA:531,11
DA:532,11
DA:533,11
DA:534,11
DA:535,11
DA:536,13
DA:537,13
DA:538,13
DA:539,8
DA:540,8
DA:541,8
DA:542,373
DA:543,349
DA:544,22
DA:545,22
DA:546,331
DA:547,331
DA:548,373
DA:549,373
DA:550,8
DA:551,8
DA:552,8
DA:553,8
DA:554,8
DA:555,8
DA:556,8
DA:557,8
DA:558,8
DA:559,8
DA:560,8
DA:561,8
DA:562,8
DA:563,8
DA:564,8
DA:565,8
DA:566,8
DA:567,8
DA:568,8
DA:569,8
DA:570,8
DA:571,8
DA:572,8
DA:573,8
DA:574,8
DA:575,3
DA:576,3
DA:577,3
DA:578,3
DA:579,0
DA:580,0
DA:581,0
DA:582,0
DA:583,0
DA:584,0
DA:585,0
DA:586,0
DA:587,0
DA:588,0
DA:589,0
DA:590,0
DA:591,3
DA:592,8
DA:593,8
DA:594,8
DA:595,8
DA:596,8
DA:597,8
LF:597
LH:549
BRDA:1,0,0,8
BRDA:1,1,0,8
BRDA:554,2,0,0
BRDA:555,3,0,0
BRDA:13,4,0,11
BRDA:14,5,0,0
BRDA:15,6,0,0
BRDA:17,7,0,231
BRDA:24,8,0,254
BRDA:25,9,0,329
BRDA:29,10,0,484
BRDA:30,11,0,316
BRDA:38,12,0,226
BRDA:41,13,0,9
BRDA:44,14,0,217
BRDA:49,15,0,225
BRDA:50,16,0,4
BRDA:53,17,0,221
BRDA:57,18,0,1
BRDA:71,19,0,4
BRDA:75,20,0,2
BRDA:81,21,0,2
BRDA:82,22,0,0
BRDA:88,23,0,3
BRDA:89,24,0,0
BRDA:98,25,0,5
BRDA:99,26,0,6
BRDA:101,27,0,4
BRDA:103,28,0,6
BRDA:104,29,0,0
BRDA:112,30,0,2
BRDA:114,31,0,0
BRDA:115,32,0,0
BRDA:123,33,0,7
BRDA:126,34,0,8
BRDA:128,35,0,0
BRDA:129,36,0,9
BRDA:130,37,0,0
BRDA:131,38,0,2
BRDA:131,39,0,8
BRDA:151,40,0,8
BRDA:153,41,0,0
BRDA:154,42,0,9
BRDA:155,43,0,0
BRDA:157,44,0,8
BRDA:159,45,0,1
BRDA:161,46,0,7
BRDA:163,47,0,0
BRDA:136,48,0,3
BRDA:139,49,0,2
BRDA:142,50,0,0
BRDA:143,51,0,1
BRDA:170,52,0,304
BRDA:173,53,0,0
BRDA:176,54,0,0
BRDA:179,55,0,0
BRDA:188,56,0,26
BRDA:189,57,0,8
BRDA:189,58,0,8
BRDA:190,59,0,18
BRDA:191,60,0,126
BRDA:192,61,0,0
BRDA:194,62,0,0
BRDA:195,63,0,139
BRDA:196,64,0,0
BRDA:197,65,0,22
BRDA:201,66,0,18
BRDA:202,67,0,22
BRDA:205,68,0,18
BRDA:208,69,0,25
BRDA:210,70,0,21
BRDA:210,71,0,4
BRDA:213,72,0,1
BRDA:216,73,0,2
BRDA:218,74,0,5
BRDA:225,75,0,6
BRDA:226,76,0,3
BRDA:228,77,0,255
BRDA:229,78,0,60
BRDA:230,79,0,18
BRDA:241,80,0,3
BRDA:255,81,0,0
BRDA:261,82,0,252
BRDA:266,83,0,0
BRDA:270,84,0,49
BRDA:274,85,0,0
BRDA:278,86,0,19
BRDA:280,87,0,8
BRDA:281,88,0,1
BRDA:282,89,0,7
BRDA:282,90,0,0
BRDA:283,91,0,1
BRDA:283,92,0,1
BRDA:283,93,0,7
BRDA:284,94,0,1
BRDA:285,95,0,1
BRDA:287,96,0,0
BRDA:289,97,0,0
BRDA:289,98,0,0
BRDA:286,99,0,1
BRDA:297,100,0,1
BRDA:326,101,0,6
BRDA:328,102,0,1
BRDA:329,103,0,5
BRDA:330,104,0,5
BRDA:333,105,0,1
BRDA:333,106,0,1
BRDA:336,107,0,3
BRDA:338,108,0,0
BRDA:339,109,0,0
BRDA:342,110,0,2
BRDA:342,111,0,0
BRDA:345,112,0,1
BRDA:358,113,0,3
BRDA:361,114,0,2
BRDA:363,115,0,0
BRDA:365,116,0,0
BRDA:390,117,0,1
BRDA:393,118,0,3
BRDA:393,119,0,3
BRDA:393,120,0,3
BRDA:393,121,0,0
BRDA:396,122,0,3
BRDA:396,123,0,0
BRDA:396,124,0,3
BRDA:397,125,0,3
BRDA:399,126,0,2
BRDA:401,127,0,0
BRDA:350,128,0,1
BRDA:351,129,0,0
BRDA:368,130,0,2
BRDA:373,131,0,0
BRDA:374,132,0,0
BRDA:423,133,0,10
BRDA:425,134,0,3
BRDA:425,135,0,3
BRDA:432,136,0,13
BRDA:448,137,0,1
BRDA:455,138,0,12
BRDA:456,139,0,0
BRDA:458,140,0,2
BRDA:460,141,0,1
BRDA:463,142,0,10
BRDA:465,143,0,1
BRDA:473,144,0,0
BRDA:478,145,0,10
BRDA:478,146,0,0
BRDA:483,147,0,10
BRDA:484,148,0,11
BRDA:485,149,0,0
BRDA:487,150,0,0
BRDA:493,151,0,3
BRDA:495,152,0,1
BRDA:501,153,0,0
BRDA:501,154,0,0
BRDA:507,155,0,10
BRDA:508,156,0,2
BRDA:508,157,0,0
BRDA:514,158,0,3
BRDA:515,159,0,2
BRDA:517,160,0,1
BRDA:530,161,0,11
BRDA:440,162,0,11
BRDA:441,163,0,0
BRDA:442,164,0,0
BRDA:443,165,0,0
BRDA:444,166,0,0
BRDA:445,167,0,1
BRDA:446,168,0,10
BRDA:468,169,0,1
BRDA:469,170,0,0
BRDA:541,171,0,373
BRDA:542,172,0,59
BRDA:543,173,0,349
BRDA:543,174,0,314
BRDA:543,175,0,22
BRDA:544,176,0,0
BRDA:544,177,0,20
BRDA:544,178,0,2
BRDA:546,179,0,331
BRDA:546,180,0,292
BRDA:546,181,0,3
BRDA:547,182,0,289
BRDA:547,183,0,8
BRDA:547,184,0,7
BRDA:548,185,0,319
BRDA:548,186,0,281
BRDA:548,187,0,260
BRDA:570,188,0,1
BRDA:574,189,0,3
BRDA:577,190,0,0
BRDA:579,191,0,0
BRF:192
BRH:137
end_of_record
TN:
SF:www\js\core\utils.js
FN:3,esc
FN:15,markStatsDirty
FN:16,_cachedStat
FN:24,get
FN:25,set
FN:30,getCurrentShichen
FN:43,getCurrentSolarTerm
FN:68,getCurrentSeason
FN:77,getSeasonPack
FN:91,getLunarDate
FN:120,lYearDays
FN:121,leapDays
FN:122,leapMonth
FN:123,monthDays
FN:125,today
FN:131,formatDate
FN:135,getDayOfWeek
FN:140,showToast
FN:163,getAudioCtx
FN:174,playSound
FN:241,flashScreen
FN:262,playAlarmSequence
FN:276,stopAlarmSequence
FN:287,_isChecked
FN:294,getCurrentStreak
FN:309,getCurrentLevel
FN:319,getNextLevel
FN:326,getLevelProgress
FN:336,getTotalCheckins
FN:354,getUserPoints
FN:358,addPoints
FN:373,checkAllDoneBonus
FN:388,getTodayCompletionRate
FN:401,getViewDateOffset
FN:405,setViewDateOffset
FN:410,getHeatmapLevel
FNF:36
FNH:36
FNDA:43,esc
FNDA:578,markStatsDirty
FNDA:91,_cachedStat
FNDA:96,get
FNDA:223,set
FNDA:1,getCurrentShichen
FNDA:4,getCurrentSolarTerm
FNDA:4,getCurrentSeason
FNDA:2,getSeasonPack
FNDA:5,getLunarDate
FNDA:624,lYearDays
FNDA:629,leapDays
FNDA:636,leapMonth
FNDA:29,monthDays
FNDA:8,today
FNDA:163,formatDate
FNDA:1,getDayOfWeek
FNDA:1,showToast
FNDA:6,getAudioCtx
FNDA:6,playSound
FNDA:1,flashScreen
FNDA:1,playAlarmSequence
FNDA:1,stopAlarmSequence
FNDA:53,_isChecked
FNDA:11,getCurrentStreak
FNDA:8,getCurrentLevel
FNDA:4,getNextLevel
FNDA:2,getLevelProgress
FNDA:2,getTotalCheckins
FNDA:116,getUserPoints
FNDA:113,addPoints
FNDA:3,checkAllDoneBonus
FNDA:2,getTodayCompletionRate
FNDA:1,getViewDateOffset
FNDA:223,setViewDateOffset
FNDA:9,getHeatmapLevel
DA:1,8
DA:2,8
DA:3,8
DA:4,43
DA:5,41
DA:6,12
DA:7,41
DA:8,43
DA:9,8
DA:10,8
DA:11,8
DA:12,8
DA:13,8
DA:14,8
DA:15,8
DA:16,8
DA:17,91
DA:18,91
DA:19,91
DA:20,91
DA:21,8
DA:22,8
DA:23,8
DA:24,8
DA:25,8
DA:26,8
DA:27,8
DA:28,8
DA:29,8
DA:30,8
DA:31,1
DA:32,0
DA:33,0
DA:34,0
DA:35,0
DA:36,0
DA:37,0
DA:38,0
DA:39,0
DA:40,0
DA:41,1
DA:42,8
DA:43,8
DA:44,4
DA:45,4
DA:46,4
DA:47,4
DA:48,4
DA:49,4
DA:50,55
DA:51,4
DA:52,4
DA:53,55
DA:54,0
DA:55,0
DA:56,0
DA:57,0
DA:58,0
DA:59,0
DA:60,0
DA:61,0
DA:62,0
DA:63,0
DA:64,0
DA:65,0
DA:66,4
DA:67,8
DA:68,8
DA:69,4
DA:70,4
DA:71,4
DA:72,10
DA:73,10
DA:74,0
DA:75,4
DA:76,8
DA:77,8
DA:78,2
DA:79,2
DA:80,2
DA:81,0
DA:82,0
DA:83,0
DA:84,0
DA:85,0
DA:86,0
DA:87,0
DA:88,2
DA:89,2
DA:90,8
DA:91,8
DA:92,5
DA:93,0
DA:94,0
DA:95,5
DA:96,5
DA:97,5
DA:98,5
DA:99,5
DA:100,623
DA:101,623
DA:102,5
DA:103,5
DA:104,5
DA:105,5
DA:106,5
DA:107,30
DA:108,28
DA:109,30
DA:110,30
DA:111,30
DA:112,5
DA:113,1
DA:114,1
DA:115,5
DA:116,5
DA:117,5
DA:118,5
DA:119,8
DA:120,8
DA:121,8
DA:122,8
DA:123,8
DA:124,8
DA:125,8
DA:126,8
DA:127,8
DA:128,8
DA:129,8
DA:130,8
DA:131,8
DA:132,163
DA:133,163
DA:134,8
DA:135,8
DA:136,1
DA:137,1
DA:138,8
DA:139,8
DA:140,8
DA:141,1
DA:142,1
DA:143,1
DA:144,0
DA:145,0
DA:146,0
DA:147,1
DA:148,1
DA:149,1
DA:150,1
DA:151,1
DA:152,1
DA:153,1
DA:154,1
DA:155,1
DA:156,0
DA:157,0
DA:158,1
DA:159,1
DA:160,8
DA:161,8
DA:162,8
DA:163,8
DA:164,6
DA:165,6
DA:166,6
DA:167,1
DA:168,1
DA:169,6
DA:170,6
DA:171,6
DA:172,6
DA:173,8
DA:174,8
DA:175,6
DA:176,6
DA:177,6
DA:178,6
DA:179,6
DA:180,6
DA:181,6
DA:182,6
DA:183,1
DA:184,1
DA:185,1
DA:186,1
DA:187,1
DA:188,1
DA:189,1
DA:190,6
DA:191,1
DA:192,3
DA:193,3
DA:194,3
DA:195,3
DA:196,3
DA:197,3
DA:198,3
DA:199,1
DA:200,5
DA:201,1
DA:202,4
DA:203,4
DA:204,4
DA:205,4
DA:206,4
DA:207,4
DA:208,4
DA:209,1
DA:210,4
DA:211,1
DA:212,1
DA:213,2
DA:214,2
DA:215,2
DA:216,2
DA:217,2
DA:218,2
DA:219,2
DA:220,1
DA:221,3
DA:222,1
DA:223,1
DA:224,3
DA:225,3
DA:226,3
DA:227,3
DA:228,3
DA:229,3
DA:230,3
DA:231,1
DA:232,1
DA:233,6
DA:234,0
DA:235,0
DA:236,0
DA:237,6
DA:238,8
DA:239,8
DA:240,8
DA:241,8
DA:242,1
DA:243,0
DA:244,0
DA:245,0
DA:246,1
DA:247,1
DA:248,1
DA:249,1
DA:250,1
DA:251,1
DA:252,0
DA:253,0
DA:254,0
DA:255,0
DA:256,1
DA:257,1
DA:258,8
DA:259,8
DA:260,8
DA:261,8
DA:262,8
DA:263,1
DA:264,1
DA:265,1
DA:266,1
DA:267,0
DA:268,0
DA:269,0
DA:270,0
DA:271,0
DA:272,0
DA:273,1
DA:274,1
DA:275,8
DA:276,8
DA:277,1
DA:278,0
DA:279,0
DA:280,0
DA:281,1
DA:282,1
DA:283,1
DA:284,1
DA:285,1
DA:286,8
DA:287,8
DA:288,53
DA:289,53
DA:290,53
DA:291,0
DA:292,53
DA:293,8
DA:294,8
DA:295,11
DA:296,6
DA:297,6
DA:298,6
DA:299,53
DA:300,53
DA:301,53
DA:302,53
DA:303,6
DA:304,53
DA:305,6
DA:306,11
DA:307,11
DA:308,8
DA:309,8
DA:310,8
DA:311,8
DA:312,8
DA:313,8
DA:314,40
DA:315,40
DA:316,8
DA:317,8
DA:318,8
DA:319,8
DA:320,4
DA:321,4
DA:322,4
DA:323,4
DA:324,4
DA:325,8
DA:326,8
DA:327,2
DA:328,2
DA:329,2
DA:330,2
DA:331,1
DA:332,1
DA:333,1
DA:334,2
DA:335,8
DA:336,8
DA:337,2
DA:338,2
DA:339,2
DA:340,2
DA:341,2
DA:342,2
DA:343,2
DA:344,2
DA:345,2
DA:346,8
DA:347,8
DA:348,8
DA:349,8
DA:350,8
DA:351,8
DA:352,8
DA:353,8
DA:354,8
DA:355,116
DA:356,116
DA:357,8
DA:358,8
DA:359,113
DA:360,113
DA:361,113
DA:362,113
DA:363,113
DA:364,113
DA:365,113
DA:366,113
DA:367,113
DA:368,113
DA:369,113
DA:370,113
DA:371,113
DA:372,8
DA:373,8
DA:374,3
DA:375,3
DA:376,3
DA:377,3
DA:378,2
DA:379,3
DA:380,2
DA:381,3
DA:382,3
DA:383,1
DA:384,1
DA:385,1
DA:386,3
DA:387,8
DA:388,8
DA:389,2
DA:390,2
DA:391,2
DA:392,2
DA:393,2
DA:394,2
DA:395,1
DA:396,1
DA:397,1
DA:398,2
DA:399,2
DA:400,8
DA:401,8
DA:402,1
DA:403,1
DA:404,8
DA:405,8
DA:406,223
DA:407,223
DA:408,223
DA:409,8
DA:410,8
DA:411,9
DA:412,9
DA:413,9
DA:414,9
DA:415,2
DA:416,9
DA:417,8
DA:418,8
DA:419,8
DA:420,8
DA:421,8
DA:422,8
DA:423,8
DA:424,8
DA:425,8
DA:426,8
DA:427,8
DA:428,8
DA:429,8
DA:430,8
DA:431,8
DA:432,8
DA:433,8
DA:434,8
DA:435,8
DA:436,8
DA:437,8
DA:438,8
DA:439,8
DA:440,8
DA:441,8
DA:442,8
DA:443,8
DA:444,8
DA:445,8
DA:446,8
DA:447,8
DA:448,8
DA:449,8
DA:450,8
DA:451,8
DA:452,8
DA:453,8
DA:454,8
DA:455,8
DA:456,8
DA:457,8
DA:458,8
DA:459,8
DA:460,8
DA:461,8
LF:461
LH:405
BRDA:1,0,0,8
BRDA:1,1,0,8
BRDA:418,2,0,0
BRDA:419,3,0,0
BRDA:3,4,0,43
BRDA:4,5,0,2
BRDA:5,6,0,41
BRDA:5,7,0,12
BRDA:15,8,0,578
BRDA:16,9,0,91
BRDA:17,10,0,64
BRDA:18,11,0,83
BRDA:24,12,0,96
BRDA:25,13,0,223
BRDA:30,14,0,1
BRDA:31,15,0,0
BRDA:31,16,0,0
BRDA:32,17,0,0
BRDA:43,18,0,4
BRDA:44,19,0,0
BRDA:49,20,0,55
BRDA:50,21,0,7
BRDA:50,22,0,4
BRDA:54,23,0,0
BRDA:68,24,0,4
BRDA:69,25,0,0
BRDA:71,26,0,10
BRDA:72,27,0,4
BRDA:74,28,0,0
BRDA:77,29,0,2
BRDA:79,30,0,1
BRDA:81,31,0,0
BRDA:91,32,0,5
BRDA:92,33,0,0
BRDA:99,34,0,628
BRDA:99,35,0,623
BRDA:102,36,0,4
BRDA:106,37,0,34
BRDA:106,38,0,30
BRDA:107,39,0,25
BRDA:107,40,0,4
BRDA:107,41,0,2
BRDA:108,42,0,28
BRDA:109,43,0,4
BRDA:109,44,0,2
BRDA:112,45,0,2
BRDA:112,46,0,1
BRDA:112,47,0,1
BRDA:113,48,0,0
BRDA:115,49,0,3
BRDA:120,50,0,624
BRDA:120,51,0,7488
BRDA:120,52,0,4035
BRDA:120,53,0,3453
BRDA:121,54,0,629
BRDA:121,55,0,235
BRDA:121,56,0,60
BRDA:121,57,0,175
BRDA:121,58,0,394
BRDA:122,59,0,636
BRDA:123,60,0,29
BRDA:123,61,0,15
BRDA:123,62,0,14
BRDA:125,63,0,8
BRDA:127,64,0,1
BRDA:131,65,0,163
BRDA:135,66,0,1
BRDA:140,67,0,1
BRDA:142,68,0,0
BRDA:143,69,0,0
BRDA:148,70,0,0
BRDA:149,71,0,0
BRDA:150,72,0,0
BRDA:163,73,0,6
BRDA:164,74,0,0
BRDA:165,75,0,0
BRDA:166,76,0,1
BRDA:167,77,0,0
BRDA:169,78,0,0
BRDA:170,79,0,0
BRDA:174,80,0,6
BRDA:176,81,0,0
BRDA:177,82,0,0
BRDA:179,83,0,0
BRDA:182,84,0,1
BRDA:190,85,0,5
BRDA:190,86,0,1
BRDA:200,87,0,4
BRDA:200,88,0,1
BRDA:210,89,0,3
BRDA:210,90,0,1
BRDA:221,91,0,2
BRDA:221,92,0,1
BRDA:233,93,0,0
BRDA:191,94,0,3
BRDA:201,95,0,4
BRDA:212,96,0,2
BRDA:223,97,0,3
BRDA:241,98,0,1
BRDA:242,99,0,0
BRDA:262,100,0,1
BRDA:276,101,0,1
BRDA:277,102,0,0
BRDA:287,103,0,53
BRDA:291,104,0,0
BRDA:294,105,0,11
BRDA:295,106,0,6
BRDA:298,107,0,53
BRDA:301,108,0,47
BRDA:302,109,0,47
BRDA:303,110,0,6
BRDA:301,111,0,47
BRDA:309,112,0,8
BRDA:310,113,0,0
BRDA:313,114,0,40
BRDA:314,115,0,24
BRDA:319,116,0,4
BRDA:320,117,0,0
BRDA:323,118,0,2
BRDA:322,119,0,14
BRDA:326,120,0,2
BRDA:330,121,0,1
BRDA:336,122,0,2
BRDA:337,123,0,2
BRDA:341,124,0,4
BRDA:341,125,0,3
BRDA:354,126,0,116
BRDA:355,127,0,0
BRDA:358,128,0,113
BRDA:364,129,0,0
BRDA:367,130,0,10
BRDA:369,131,0,0
BRDA:373,132,0,3
BRDA:377,133,0,1
BRDA:378,134,0,2
BRDA:379,135,0,0
BRDA:380,136,0,2
BRDA:381,137,0,0
BRDA:382,138,0,1
BRDA:378,139,0,4
BRDA:388,140,0,2
BRDA:389,141,0,2
BRDA:394,142,0,1
BRDA:396,143,0,2
BRDA:396,144,0,1
BRDA:401,145,0,1
BRDA:405,146,0,223
BRDA:410,147,0,9
BRDA:411,148,0,1
BRDA:412,149,0,8
BRDA:412,150,0,2
BRDA:413,151,0,6
BRDA:413,152,0,2
BRDA:414,153,0,4
BRDA:414,154,0,2
BRF:155
BRH:119
end_of_record
TN:
SF:www\js\data\constants.js
FNF:0
FNH:0
DA:1,8
DA:2,8
DA:3,8
DA:4,8
DA:5,8
DA:6,8
DA:7,8
DA:8,8
DA:9,8
DA:10,8
DA:11,8
DA:12,8
DA:13,8
DA:14,8
DA:15,8
DA:16,8
DA:17,8
DA:18,8
DA:19,8
DA:20,8
DA:21,8
DA:22,8
DA:23,8
DA:24,8
DA:25,8
DA:26,8
DA:27,8
DA:28,8
DA:29,8
DA:30,8
DA:31,8
DA:32,8
DA:33,8
DA:34,8
DA:35,8
DA:36,8
DA:37,8
DA:38,8
DA:39,8
DA:40,8
DA:41,8
DA:42,8
DA:43,8
DA:44,8
DA:45,8
DA:46,8
DA:47,8
DA:48,8
DA:49,8
DA:50,8
DA:51,8
DA:52,8
DA:53,8
DA:54,0
DA:55,8
DA:56,8
DA:57,8
DA:58,8
DA:59,8
DA:60,8
DA:61,8
DA:62,8
DA:63,8
DA:64,8
DA:65,8
DA:66,8
DA:67,8
DA:68,8
DA:69,8
DA:70,1
DA:71,1
LF:71
LH:70
BRDA:1,0,0,8
BRDA:54,1,0,0
BRDA:55,2,0,0
BRF:3
BRH:1
end_of_record
TN:
SF:www\js\modules\checkin.js
FN:8,_shiftDate
FN:17,_todayKey
FN:27,getStreak
FN:45,getMaxStreak
FN:77,getCompletionRate
FN:98,getSlidingRate
FN:108,getWeekRate
FN:128,getMonthRate
FN:149,getMaxStreakAll
FN:172,getTodayDone
FN:179,getTodayTotal
FN:183,getHealthTipText
FN:190,getHealthTipSource
FN:197,buildBatchCompleteRecord
FN:212,getHabitStats
FNF:15
FNH:13
FNDA:88,_shiftDate
FNDA:44,_todayKey
FNDA:32,getStreak
FNDA:6,getMaxStreak
FNDA:18,getCompletionRate
FNDA:4,getSlidingRate
FNDA:3,getWeekRate
FNDA:2,getMonthRate
FNDA:3,getMaxStreakAll
FNDA:4,getTodayDone
FNDA:3,getTodayTotal
FNDA:0,getHealthTipText
FNDA:0,getHealthTipSource
FNDA:9,buildBatchCompleteRecord
FNDA:2,getHabitStats
DA:1,8
DA:2,8
DA:3,8
DA:4,8
DA:5,8
DA:6,8
DA:7,8
DA:8,8
DA:9,88
DA:10,88
DA:11,88
DA:12,88
DA:13,88
DA:14,88
DA:15,88
DA:16,8
DA:17,8
DA:18,44
DA:19,44
DA:20,44
DA:21,44
DA:22,8
DA:23,8
DA:24,8
DA:25,8
DA:26,8
DA:27,8
DA:28,32
DA:29,31
DA:30,31
DA:31,29
DA:32,29
DA:33,29
DA:34,31
DA:35,31
DA:36,61
DA:37,61
DA:38,29
DA:39,61
DA:40,29
DA:41,32
DA:42,32
DA:43,8
DA:44,8
DA:45,8
DA:46,6
DA:47,6
DA:48,6
DA:49,5
DA:50,5
DA:51,5
DA:52,5
DA:53,6
DA:54,4
DA:55,4
DA:56,4
DA:57,6
DA:58,29
DA:59,29
DA:60,29
DA:61,21
DA:62,21
DA:63,21
DA:64,2
DA:65,29
DA:66,3
DA:67,3
DA:68,29
DA:69,24
DA:70,24
DA:71,4
DA:72,6
DA:73,6
DA:74,8
DA:75,8
DA:76,8
DA:77,8
DA:78,18
DA:79,17
DA:80,17
DA:81,11
DA:82,11
DA:83,11
DA:84,11
DA:85,11
DA:86,17
DA:87,11
DA:88,17
DA:89,100
DA:90,100
DA:91,99
DA:92,100
DA:93,11
DA:94,18
DA:95,18
DA:96,8
DA:97,8
DA:98,8
DA:99,4
DA:100,4
DA:101,4
DA:102,4
DA:103,4
DA:104,4
DA:105,4
DA:106,4
DA:107,8
DA:108,8
DA:109,3
DA:110,3
DA:111,2
DA:112,2
DA:113,3
DA:114,3
DA:115,14
DA:116,14
DA:117,14
DA:118,28
DA:119,21
DA:120,28
DA:121,14
DA:122,14
DA:123,14
DA:124,3
DA:125,3
DA:126,3
DA:127,8
DA:128,8
DA:129,2
DA:130,2
DA:131,1
DA:132,2
DA:133,1
DA:134,1
DA:135,2
DA:136,31
DA:137,31
DA:138,31
DA:139,31
DA:140,31
DA:141,31
DA:142,31
DA:143,31
DA:144,2
DA:145,2
DA:146,2
DA:147,8
DA:148,8
DA:149,8
DA:150,3
DA:151,3
DA:152,3
DA:153,3
DA:154,3
DA:155,2
DA:156,2
DA:157,11
DA:158,11
DA:159,2
DA:160,3
DA:161,1
DA:162,1
DA:163,3
DA:164,7
DA:165,0
DA:166,7
DA:167,7
DA:168,1
DA:169,3
DA:170,3
DA:171,8
DA:172,8
DA:173,4
DA:174,4
DA:175,4
DA:176,4
DA:177,4
DA:178,8
DA:179,8
DA:180,3
DA:181,3
DA:182,8
DA:183,8
DA:184,0
DA:185,0
DA:186,0
DA:187,0
DA:188,0
DA:189,8
DA:190,8
DA:191,0
DA:192,0
DA:193,0
DA:194,0
DA:195,8
DA:196,8
DA:197,8
DA:198,9
DA:199,9
DA:200,2
DA:201,2
DA:202,2
DA:203,9
DA:204,9
DA:205,9
DA:206,3
DA:207,3
DA:208,0
DA:209,9
DA:210,8
DA:211,8
DA:212,8
DA:213,2
DA:214,2
DA:215,1
DA:216,1
DA:217,1
DA:218,1
DA:219,1
DA:220,1
DA:221,1
DA:222,2
DA:223,8
DA:224,8
DA:225,8
DA:226,8
DA:227,8
DA:228,8
DA:229,8
DA:230,8
DA:231,8
DA:232,8
DA:233,8
DA:234,8
DA:235,8
DA:236,8
DA:237,8
DA:238,8
DA:239,8
DA:240,8
DA:241,8
DA:242,8
DA:243,8
DA:244,8
DA:245,8
DA:246,8
LF:246
LH:235
BRDA:1,0,0,8
BRDA:1,1,0,8
BRDA:224,2,0,0
BRDA:225,3,0,0
BRDA:8,4,0,88
BRDA:17,5,0,44
BRDA:19,6,0,1
BRDA:27,7,0,32
BRDA:28,8,0,31
BRDA:30,9,0,2
BRDA:31,10,0,29
BRDA:34,11,0,17
BRDA:35,12,0,29
BRDA:35,13,0,61
BRDA:37,14,0,32
BRDA:38,15,0,29
BRDA:40,16,0,29
BRDA:29,17,0,30
BRDA:45,18,0,6
BRDA:46,19,0,6
BRDA:48,20,0,1
BRDA:49,21,0,5
BRDA:53,22,0,1
BRDA:54,23,0,4
BRDA:57,24,0,29
BRDA:59,25,0,5
BRDA:60,26,0,24
BRDA:60,27,0,21
BRDA:63,28,0,19
BRDA:64,29,0,2
BRDA:65,30,0,3
BRDA:68,31,0,24
BRDA:68,32,0,17
BRDA:69,33,0,24
BRDA:71,34,0,4
BRDA:47,35,0,5
BRDA:77,36,0,18
BRDA:78,37,0,17
BRDA:80,38,0,6
BRDA:81,39,0,11
BRDA:86,40,0,31
BRDA:86,41,0,0
BRDA:87,42,0,11
BRDA:88,43,0,100
BRDA:90,44,0,1
BRDA:90,45,0,99
BRDA:93,46,0,11
BRDA:79,47,0,11
BRDA:98,48,0,4
BRDA:99,49,0,4
BRDA:108,50,0,3
BRDA:109,51,0,3
BRDA:110,52,0,1
BRDA:111,53,0,2
BRDA:113,54,0,0
BRDA:114,55,0,2
BRDA:114,56,0,14
BRDA:124,57,0,2
BRDA:124,58,0,0
BRDA:117,59,0,28
BRDA:118,60,0,7
BRDA:119,61,0,21
BRDA:120,62,0,11
BRDA:128,63,0,2
BRDA:129,64,0,2
BRDA:130,65,0,1
BRDA:132,66,0,0
BRDA:133,67,0,1
BRDA:135,68,0,31
BRDA:144,69,0,1
BRDA:144,70,0,0
BRDA:138,71,0,31
BRDA:139,72,0,0
BRDA:141,73,0,18
BRDA:149,74,0,3
BRDA:150,75,0,3
BRDA:154,76,0,2
BRDA:156,77,0,11
BRDA:160,78,0,2
BRDA:161,79,0,1
BRDA:163,80,0,7
BRDA:165,81,0,0
BRDA:168,82,0,1
BRDA:153,83,0,2
BRDA:172,84,0,4
BRDA:173,85,0,4
BRDA:174,86,0,2
BRDA:175,87,0,6
BRDA:179,88,0,3
BRDA:180,89,0,5
BRDA:197,90,0,9
BRDA:198,91,0,8
BRDA:198,92,0,2
BRDA:199,93,0,7
BRDA:199,94,0,2
BRDA:200,95,0,1
BRDA:200,96,0,1
BRDA:203,97,0,5
BRDA:203,98,0,1
BRDA:204,99,0,4
BRDA:204,100,0,1
BRDA:205,101,0,3
BRDA:205,102,0,1
BRDA:205,103,0,3
BRDA:206,104,0,1
BRDA:208,105,0,0
BRDA:212,106,0,2
BRDA:214,107,0,1
BRDA:213,108,0,2
BRDA:220,109,0,5
BRF:110
BRH:100
end_of_record
TN:
SF:www\js\modules\habit.js
FN:16,_todayKey
FN:27,_lastDoneTimestamp
FN:64,sortHabits
FN:70,cmp
FN:76,cmp
FN:82,cmp
FN:91,cmp
FN:104,_safeRate7
FN:113,_categoryOrder
FN:130,_timePeriodOrder
FN:137,_groupByCategory
FN:151,_groupByTimePeriod
FN:172,cleanupRecordsForHabit
FN:223,archiveHabit
FN:235,unarchiveHabit
FN:247,deleteHabitWithCleanup
FN:265,touchLastDone
FN:280,markAddedAt
FNF:18
FNH:16
FNDA:3,_todayKey
FNDA:18,_lastDoneTimestamp
FNDA:8,sortHabits
FNDA:7,cmp
FNDA:0,cmp
FNDA:4,cmp
FNDA:2,cmp
FNDA:0,_safeRate7
FNDA:10,_categoryOrder
FNDA:4,_timePeriodOrder
FNDA:1,_groupByCategory
FNDA:1,_groupByTimePeriod
FNDA:7,cleanupRecordsForHabit
FNDA:3,archiveHabit
FNDA:2,unarchiveHabit
FNDA:3,deleteHabitWithCleanup
FNDA:4,touchLastDone
FNDA:3,markAddedAt
DA:1,8
DA:2,8
DA:3,8
DA:4,8
DA:5,8
DA:6,8
DA:7,8
DA:8,8
DA:9,8
DA:10,8
DA:11,8
DA:12,8
DA:13,8
DA:14,8
DA:15,8
DA:16,8
DA:17,3
DA:18,0
DA:19,0
DA:20,0
DA:21,0
DA:22,3
DA:23,8
DA:24,8
DA:25,8
DA:26,8
DA:27,8
DA:28,18
DA:29,18
DA:30,18
DA:31,18
DA:32,18
DA:33,18
DA:34,17
DA:35,17
DA:36,17
DA:37,9
DA:38,9
DA:39,17
DA:40,17
DA:41,9
DA:42,17
DA:43,1
DA:44,1
DA:45,1
DA:46,17
DA:47,18
DA:48,18
DA:49,8
DA:50,8
DA:51,8
DA:52,8
DA:53,8
DA:54,8
DA:55,8
DA:56,8
DA:57,8
DA:58,8
DA:59,8
DA:60,8
DA:61,8
DA:62,8
DA:63,8
DA:64,8
DA:65,8
DA:66,8
DA:67,8
DA:68,8
DA:69,8
DA:70,6
DA:71,7
DA:72,7
DA:73,7
DA:74,6
DA:75,8
DA:76,0
DA:77,0
DA:78,0
DA:79,0
DA:80,0
DA:81,2
DA:82,1
DA:83,4
DA:84,4
DA:85,4
DA:86,0
DA:87,0
DA:88,1
DA:89,1
DA:90,1
DA:91,1
DA:92,2
DA:93,2
DA:94,1
DA:95,1
DA:96,1
DA:97,8
DA:98,8
DA:99,8
DA:100,8
DA:101,6
DA:102,8
DA:103,8
DA:104,8
DA:105,0
DA:106,0
DA:107,0
DA:108,0
DA:109,0
DA:110,0
DA:111,0
DA:112,8
DA:113,8
DA:114,10
DA:115,10
DA:116,10
DA:117,10
DA:118,10
DA:119,1
DA:120,1
DA:121,1
DA:122,2
DA:123,2
DA:124,2
DA:125,2
DA:126,1
DA:127,10
DA:128,10
DA:129,8
DA:130,8
DA:131,4
DA:132,4
DA:133,4
DA:134,4
DA:135,4
DA:136,8
DA:137,8
DA:138,1
DA:139,1
DA:140,1
DA:141,3
DA:142,3
DA:143,2
DA:144,2
DA:145,2
DA:146,3
DA:147,3
DA:148,1
DA:149,1
DA:150,8
DA:151,8
DA:152,1
DA:153,1
DA:154,1
DA:155,3
DA:156,3
DA:157,2
DA:158,2
DA:159,2
DA:160,3
DA:161,3
DA:162,1
DA:163,1
DA:164,8
DA:165,8
DA:166,8
DA:167,8
DA:168,8
DA:169,8
DA:170,8
DA:171,8
DA:172,8
DA:173,7
DA:174,7
DA:175,7
DA:176,7
DA:177,7
DA:178,7
DA:179,7
DA:180,16
DA:181,16
DA:182,16
DA:183,9
DA:184,9
DA:185,9
DA:186,9
DA:187,6
DA:188,6
DA:189,9
DA:190,16
DA:191,7
DA:192,7
DA:193,7
DA:194,7
DA:195,7
DA:196,7
DA:197,7
DA:198,7
DA:199,7
DA:200,7
DA:201,0
DA:202,0
DA:203,7
DA:204,0
DA:205,0
DA:206,0
DA:207,0
DA:208,0
DA:209,0
DA:210,0
DA:211,0
DA:212,0
DA:213,7
DA:214,7
DA:215,8
DA:216,8
DA:217,8
DA:218,8
DA:219,8
DA:220,8
DA:221,8
DA:222,8
DA:223,8
DA:224,3
DA:225,3
DA:226,3
DA:227,2
DA:228,2
DA:229,2
DA:230,3
DA:231,2
DA:232,3
DA:233,8
DA:234,8
DA:235,8
DA:236,2
DA:237,2
DA:238,2
DA:239,1
DA:240,1
DA:241,1
DA:242,2
DA:243,1
DA:244,2
DA:245,8
DA:246,8
DA:247,8
DA:248,3
DA:249,3
DA:250,3
DA:251,1
DA:252,1
DA:253,1
DA:254,1
DA:255,3
DA:256,1
DA:257,3
DA:258,8
DA:259,8
DA:260,8
DA:261,8
DA:262,8
DA:263,8
DA:264,8
DA:265,8
DA:266,4
DA:267,4
DA:268,4
DA:269,4
DA:270,4
DA:271,3
DA:272,4
DA:273,4
DA:274,2
DA:275,2
DA:276,2
DA:277,4
DA:278,8
DA:279,8
DA:280,8
DA:281,3
DA:282,3
DA:283,3
DA:284,1
DA:285,3
DA:286,3
DA:287,8
DA:288,8
DA:289,8
DA:290,8
DA:291,8
DA:292,8
DA:293,8
DA:294,8
DA:295,8
DA:296,8
DA:297,8
DA:298,8
DA:299,8
DA:300,8
DA:301,8
DA:302,8
DA:303,8
DA:304,8
LF:304
LH:275
BRDA:1,0,0,8
BRDA:11,1,0,8
BRDA:12,2,0,0
BRDA:13,3,0,0
BRDA:16,4,0,3
BRDA:17,5,0,0
BRDA:27,6,0,18
BRDA:28,7,0,0
BRDA:29,8,0,0
BRDA:33,9,0,17
BRDA:36,10,0,8
BRDA:37,11,0,9
BRDA:39,12,0,8
BRDA:39,13,0,1
BRDA:40,14,0,7
BRDA:41,15,0,9
BRDA:42,16,0,1
BRDA:42,17,0,1
BRDA:64,18,0,8
BRDA:65,19,0,1
BRDA:65,20,0,0
BRDA:69,21,0,6
BRDA:75,22,0,2
BRDA:75,23,0,0
BRDA:81,24,0,1
BRDA:99,25,0,1
BRDA:100,26,0,7
BRDA:100,27,0,1
BRDA:101,28,0,6
BRDA:66,29,0,18
BRDA:70,30,0,7
BRDA:82,31,0,4
BRDA:86,32,0,0
BRDA:91,33,0,2
BRDA:93,34,0,1
BRDA:113,35,0,10
BRDA:115,36,0,0
BRDA:116,37,0,0
BRDA:118,38,0,1
BRDA:121,39,0,2
BRDA:127,40,0,8
BRDA:127,41,0,2
BRDA:130,42,0,4
BRDA:132,43,0,0
BRDA:133,44,0,0
BRDA:134,45,0,0
BRDA:137,46,0,1
BRDA:140,47,0,3
BRDA:141,48,0,0
BRDA:142,49,0,2
BRDA:151,50,0,1
BRDA:154,51,0,3
BRDA:155,52,0,0
BRDA:156,53,0,2
BRDA:172,54,0,7
BRDA:173,55,0,0
BRDA:174,56,0,0
BRDA:179,57,0,16
BRDA:180,58,0,0
BRDA:182,59,0,9
BRDA:186,60,0,6
BRDA:200,61,0,0
BRDA:203,62,0,0
BRDA:223,63,0,3
BRDA:224,64,0,0
BRDA:226,65,0,1
BRDA:227,66,0,2
BRDA:230,67,0,2
BRDA:230,68,0,2
BRDA:225,69,0,2
BRDA:235,70,0,2
BRDA:236,71,0,0
BRDA:238,72,0,1
BRDA:242,73,0,1
BRDA:242,74,0,1
BRDA:237,75,0,1
BRDA:247,76,0,3
BRDA:248,77,0,0
BRDA:250,78,0,2
BRDA:251,79,0,1
BRDA:255,80,0,1
BRDA:255,81,0,1
BRDA:249,82,0,2
BRDA:254,83,0,1
BRDA:265,84,0,4
BRDA:266,85,0,0
BRDA:267,86,0,0
BRDA:268,87,0,3
BRDA:270,88,0,1
BRDA:271,89,0,3
BRDA:272,90,0,0
BRDA:273,91,0,3
BRDA:273,92,0,2
BRDA:280,93,0,3
BRDA:281,94,0,0
BRDA:283,95,0,2
BRDA:283,96,0,2
BRDA:284,97,0,1
BRDA:285,98,0,1
BRDA:285,99,0,1
BRDA:282,100,0,2
BRF:101
BRH:74
end_of_record
TN:
SF:www\js\modules\stats.js
FN:4,renderWeekBarChart
FNF:1
FNH:1
FNDA:6,renderWeekBarChart
DA:1,8
DA:2,8
DA:3,8
DA:4,8
DA:5,6
DA:6,6
DA:7,5
DA:8,5
DA:9,5
DA:10,5
DA:11,5
DA:12,6
DA:13,35
DA:14,35
DA:15,35
DA:16,35
DA:17,35
DA:18,35
DA:19,14
DA:20,14
DA:21,14
DA:22,35
DA:23,35
DA:24,35
DA:25,35
DA:26,35
DA:27,35
DA:28,35
DA:29,35
DA:30,35
DA:31,35
DA:32,35
DA:33,35
DA:34,35
DA:35,35
DA:36,35
DA:37,35
DA:38,35
DA:39,35
DA:40,35
DA:41,6
DA:42,8
DA:43,8
DA:44,8
DA:45,8
DA:46,8
DA:47,8
DA:48,8
DA:49,8
DA:50,8
DA:51,8
DA:52,8
DA:53,8
LF:53
LH:53
BRDA:1,0,0,8
BRDA:3,1,0,8
BRDA:43,2,0,0
BRDA:44,3,0,0
BRDA:4,4,0,6
BRDA:5,5,0,1
BRDA:6,6,0,1
BRDA:7,7,0,5
BRDA:12,8,0,35
BRDA:16,9,0,34
BRDA:23,10,0,7
BRDA:23,11,0,28
BRDA:18,12,0,14
BRDA:19,13,0,0
BRDA:21,14,0,2
BRDA:29,15,0,35
BRDA:32,16,0,5
BRDA:32,17,0,30
BRDA:34,18,0,5
BRDA:34,19,0,30
BRDA:36,20,0,5
BRDA:36,21,0,30
BRDA:36,22,0,5
BRDA:36,23,0,30
BRDA:36,24,0,5
BRDA:36,25,0,30
BRF:26
BRH:23
end_of_record
TN:
SF:www\js\modules\water.js
FN:3,renderWaterTracker
FNF:1
FNH:1
FNDA:18,renderWaterTracker
DA:1,8
DA:2,8
DA:3,8
DA:4,18
DA:5,18
DA:6,18
DA:7,18
DA:8,18
DA:9,18
DA:10,18
DA:11,18
DA:12,18
DA:13,18
DA:14,18
DA:15,18
DA:16,18
DA:17,18
DA:18,18
DA:19,13
DA:20,18
DA:21,18
DA:22,18
DA:23,121
DA:24,121
DA:25,121
DA:26,121
DA:27,121
DA:28,121
DA:29,121
DA:30,121
DA:31,121
DA:32,121
DA:33,121
DA:34,18
DA:35,18
DA:36,18
DA:37,18
DA:38,3
DA:39,3
DA:40,3
DA:41,3
DA:42,3
DA:43,3
DA:44,3
DA:45,3
DA:46,3
DA:47,3
DA:48,3
DA:49,18
DA:50,6
DA:51,6
DA:52,18
DA:53,18
DA:54,18
DA:55,3
DA:56,3
DA:57,5
DA:58,5
DA:59,3
DA:60,3
DA:61,3
DA:62,18
DA:63,18
DA:64,18
DA:65,18
DA:66,18
DA:67,18
DA:68,18
DA:69,18
DA:70,18
DA:71,18
DA:72,18
DA:73,18
DA:74,18
DA:75,18
DA:76,18
DA:77,18
DA:78,18
DA:79,18
DA:80,18
DA:81,18
DA:82,18
DA:83,18
DA:84,18
DA:85,18
DA:86,8
DA:87,8
DA:88,8
DA:89,8
DA:90,8
DA:91,8
DA:92,8
DA:93,8
DA:94,8
DA:95,8
DA:96,8
DA:97,8
LF:97
LH:97
BRDA:1,0,0,8
BRDA:2,1,0,8
BRDA:87,2,0,0
BRDA:88,3,0,0
BRDA:3,4,0,18
BRDA:4,5,0,1
BRDA:5,6,0,0
BRDA:6,7,0,0
BRDA:7,8,0,6
BRDA:8,9,0,6
BRDA:9,10,0,15
BRDA:18,11,0,5
BRDA:19,12,0,13
BRDA:19,13,0,1
BRDA:22,14,0,121
BRDA:25,15,0,43
BRDA:25,16,0,78
BRDA:28,17,0,43
BRDA:28,18,0,78
BRDA:28,19,0,14
BRDA:28,20,0,107
BRDA:28,21,0,43
BRDA:28,22,0,78
BRDA:30,23,0,43
BRDA:30,24,0,78
BRDA:37,25,0,3
BRDA:47,26,0,2
BRDA:47,27,0,1
BRDA:49,28,0,15
BRDA:49,29,0,6
BRDA:54,30,0,3
BRDA:65,31,0,4
BRDA:65,32,0,14
BRDA:72,33,0,14
BRDA:72,34,0,4
BRDA:56,35,0,5
BRDA:57,36,0,2
BRF:37
BRH:33
end_of_record
